<?xml version="1.0" encoding="UTF-8"?>
<testsuite name="com.example.yr1st.Yr1stApplicationTests" tests="1" skipped="0" failures="0" errors="0" timestamp="2022-02-15T08:58:13" hostname="MZC01-YRKIM.local" time="0.307">
  <properties/>
  <testcase name="contextLoads()" classname="com.example.yr1st.Yr1stApplicationTests" time="0.307"/>
  <system-out><![CDATA[17:58:06.051 [Test worker] DEBUG org.springframework.test.context.BootstrapUtils - Instantiating CacheAwareContextLoaderDelegate from class [org.springframework.test.context.cache.DefaultCacheAwareContextLoaderDelegate]
17:58:06.074 [Test worker] DEBUG org.springframework.test.context.BootstrapUtils - Instantiating BootstrapContext using constructor [public org.springframework.test.context.support.DefaultBootstrapContext(java.lang.Class,org.springframework.test.context.CacheAwareContextLoaderDelegate)]
17:58:06.151 [Test worker] DEBUG org.springframework.test.context.BootstrapUtils - Instantiating TestContextBootstrapper for test class [com.example.yr1st.Yr1stApplicationTests] from class [org.springframework.boot.test.context.SpringBootTestContextBootstrapper]
17:58:06.170 [Test worker] INFO org.springframework.boot.test.context.SpringBootTestContextBootstrapper - Neither @ContextConfiguration nor @ContextHierarchy found for test class [com.example.yr1st.Yr1stApplicationTests], using SpringBootContextLoader
17:58:06.176 [Test worker] DEBUG org.springframework.test.context.support.AbstractContextLoader - Did not detect default resource location for test class [com.example.yr1st.Yr1stApplicationTests]: class path resource [com/example/yr1st/Yr1stApplicationTests-context.xml] does not exist
17:58:06.177 [Test worker] DEBUG org.springframework.test.context.support.AbstractContextLoader - Did not detect default resource location for test class [com.example.yr1st.Yr1stApplicationTests]: class path resource [com/example/yr1st/Yr1stApplicationTestsContext.groovy] does not exist
17:58:06.178 [Test worker] INFO org.springframework.test.context.support.AbstractContextLoader - Could not detect default resource locations for test class [com.example.yr1st.Yr1stApplicationTests]: no resource found for suffixes {-context.xml, Context.groovy}.
17:58:06.179 [Test worker] INFO org.springframework.test.context.support.AnnotationConfigContextLoaderUtils - Could not detect default configuration classes for test class [com.example.yr1st.Yr1stApplicationTests]: Yr1stApplicationTests does not declare any static, non-private, non-final, nested classes annotated with @Configuration.
17:58:06.252 [Test worker] DEBUG org.springframework.test.context.support.ActiveProfilesUtils - Could not find an 'annotation declaring class' for annotation type [org.springframework.test.context.ActiveProfiles] and class [com.example.yr1st.Yr1stApplicationTests]
17:58:06.351 [Test worker] DEBUG org.springframework.context.annotation.ClassPathScanningCandidateComponentProvider - Identified candidate component class: file [/Users/mzc01-yrkim/Desktop/java/yr1st/build/classes/java/main/com/example/yr1st/Yr1stApplication.class]
17:58:06.353 [Test worker] INFO org.springframework.boot.test.context.SpringBootTestContextBootstrapper - Found @SpringBootConfiguration com.example.yr1st.Yr1stApplication for test class com.example.yr1st.Yr1stApplicationTests
17:58:06.569 [Test worker] DEBUG org.springframework.boot.test.context.SpringBootTestContextBootstrapper - @TestExecutionListeners is not present for class [com.example.yr1st.Yr1stApplicationTests]: using defaults.
17:58:06.572 [Test worker] INFO org.springframework.boot.test.context.SpringBootTestContextBootstrapper - Loaded default TestExecutionListener class names from location [META-INF/spring.factories]: [org.springframework.boot.test.autoconfigure.restdocs.RestDocsTestExecutionListener, org.springframework.boot.test.autoconfigure.web.client.MockRestServiceServerResetTestExecutionListener, org.springframework.boot.test.autoconfigure.web.servlet.MockMvcPrintOnlyOnFailureTestExecutionListener, org.springframework.boot.test.autoconfigure.web.servlet.WebDriverTestExecutionListener, org.springframework.boot.test.autoconfigure.webservices.client.MockWebServiceServerTestExecutionListener, org.springframework.boot.test.mock.mockito.MockitoTestExecutionListener, org.springframework.boot.test.mock.mockito.ResetMocksTestExecutionListener, org.springframework.test.context.web.ServletTestExecutionListener, org.springframework.test.context.support.DirtiesContextBeforeModesTestExecutionListener, org.springframework.test.context.event.ApplicationEventsTestExecutionListener, org.springframework.test.context.support.DependencyInjectionTestExecutionListener, org.springframework.test.context.support.DirtiesContextTestExecutionListener, org.springframework.test.context.transaction.TransactionalTestExecutionListener, org.springframework.test.context.jdbc.SqlScriptsTestExecutionListener, org.springframework.test.context.event.EventPublishingTestExecutionListener]
17:58:06.610 [Test worker] INFO org.springframework.boot.test.context.SpringBootTestContextBootstrapper - Using TestExecutionListeners: [org.springframework.test.context.web.ServletTestExecutionListener@649f2009, org.springframework.test.context.support.DirtiesContextBeforeModesTestExecutionListener@14bb2297, org.springframework.test.context.event.ApplicationEventsTestExecutionListener@69adf72c, org.springframework.boot.test.mock.mockito.MockitoTestExecutionListener@797501a, org.springframework.boot.test.autoconfigure.SpringBootDependencyInjectionTestExecutionListener@1a15b789, org.springframework.test.context.support.DirtiesContextTestExecutionListener@57f791c6, org.springframework.test.context.transaction.TransactionalTestExecutionListener@51650883, org.springframework.test.context.jdbc.SqlScriptsTestExecutionListener@6c4f9535, org.springframework.test.context.event.EventPublishingTestExecutionListener@5bd1ceca, org.springframework.boot.test.autoconfigure.restdocs.RestDocsTestExecutionListener@30c31dd7, org.springframework.boot.test.autoconfigure.web.client.MockRestServiceServerResetTestExecutionListener@499b2a5c, org.springframework.boot.test.autoconfigure.web.servlet.MockMvcPrintOnlyOnFailureTestExecutionListener@596df867, org.springframework.boot.test.autoconfigure.web.servlet.WebDriverTestExecutionListener@c1fca1e, org.springframework.boot.test.autoconfigure.webservices.client.MockWebServiceServerTestExecutionListener@241a53ef, org.springframework.boot.test.mock.mockito.ResetMocksTestExecutionListener@344344fa]
17:58:06.620 [Test worker] DEBUG org.springframework.test.context.support.AbstractDirtiesContextTestExecutionListener - Before test class: context [DefaultTestContext@4fdfa676 testClass = Yr1stApplicationTests, testInstance = [null], testMethod = [null], testException = [null], mergedContextConfiguration = [WebMergedContextConfiguration@82c57b3 testClass = Yr1stApplicationTests, locations = '{}', classes = '{class com.example.yr1st.Yr1stApplication}', contextInitializerClasses = '[]', activeProfiles = '{}', propertySourceLocations = '{}', propertySourceProperties = '{org.springframework.boot.test.context.SpringBootTestContextBootstrapper=true}', contextCustomizers = set[org.springframework.boot.test.autoconfigure.actuate.metrics.MetricsExportContextCustomizerFactory$DisableMetricExportContextCustomizer@5d1659ea, org.springframework.boot.test.autoconfigure.properties.PropertyMappingContextCustomizer@0, org.springframework.boot.test.autoconfigure.web.servlet.WebDriverContextCustomizerFactory$Customizer@625abb97, org.springframework.boot.test.context.filter.ExcludeFilterContextCustomizer@55342f40, org.springframework.boot.test.json.DuplicateJsonObjectContextCustomizerFactory$DuplicateJsonObjectContextCustomizer@31aa3ca5, org.springframework.boot.test.mock.mockito.MockitoContextCustomizer@0, org.springframework.boot.test.web.client.TestRestTemplateContextCustomizer@18025ced, org.springframework.boot.test.context.SpringBootTestArgs@1, org.springframework.boot.test.context.SpringBootTestWebEnvironment@7098b907], resourceBasePath = 'src/main/webapp', contextLoader = 'org.springframework.boot.test.context.SpringBootContextLoader', parent = [null]], attributes = map['org.springframework.test.context.web.ServletTestExecutionListener.activateListener' -> true]], class annotated with @DirtiesContext [false] with mode [null].

  .   ____          _            __ _ _
 /\\ / ___'_ __ _ _(_)_ __  __ _ \ \ \ \
( ( )\___ | '_ | '_| | '_ \/ _` | \ \ \ \
 \\/  ___)| |_)| | | | | || (_| |  ) ) ) )
  '  |____| .__|_| |_|_| |_\__, | / / / /
 =========|_|==============|___/=/_/_/_/
 :: Spring Boot ::                (v2.6.3)

2022-02-15 17:58:07.048  INFO 35005 --- [    Test worker] com.example.yr1st.Yr1stApplicationTests  : Starting Yr1stApplicationTests using Java 11.0.11 on MZC01-YRKIM.local with PID 35005 (started by mzc01-yrkim in /Users/mzc01-yrkim/Desktop/java/yr1st)
2022-02-15 17:58:07.050  INFO 35005 --- [    Test worker] com.example.yr1st.Yr1stApplicationTests  : No active profile set, falling back to default profiles: default
2022-02-15 17:58:08.264  INFO 35005 --- [    Test worker] .s.d.r.c.RepositoryConfigurationDelegate : Bootstrapping Spring Data JPA repositories in DEFAULT mode.
2022-02-15 17:58:08.286  INFO 35005 --- [    Test worker] .s.d.r.c.RepositoryConfigurationDelegate : Finished Spring Data repository scanning in 9 ms. Found 0 JPA repository interfaces.
2022-02-15 17:58:09.027  INFO 35005 --- [    Test worker] com.zaxxer.hikari.HikariDataSource       : HikariPool-1 - Starting...
2022-02-15 17:58:09.297  INFO 35005 --- [    Test worker] com.zaxxer.hikari.HikariDataSource       : HikariPool-1 - Start completed.
2022-02-15 17:58:09.436  INFO 35005 --- [    Test worker] o.hibernate.jpa.internal.util.LogHelper  : HHH000204: Processing PersistenceUnitInfo [name: default]
2022-02-15 17:58:09.498  INFO 35005 --- [    Test worker] org.hibernate.Version                    : HHH000412: Hibernate ORM core version 5.6.4.Final
2022-02-15 17:58:09.772  INFO 35005 --- [    Test worker] o.hibernate.annotations.common.Version   : HCANN000001: Hibernate Commons Annotations {5.1.2.Final}
2022-02-15 17:58:09.982  INFO 35005 --- [    Test worker] org.hibernate.dialect.Dialect            : HHH000400: Using dialect: org.hibernate.dialect.H2Dialect
2022-02-15 17:58:10.381  INFO 35005 --- [    Test worker] o.h.e.t.j.p.i.JtaPlatformInitiator       : HHH000490: Using JtaPlatform implementation: [org.hibernate.engine.transaction.jta.platform.internal.NoJtaPlatform]
2022-02-15 17:58:10.404  INFO 35005 --- [    Test worker] j.LocalContainerEntityManagerFactoryBean : Initialized JPA EntityManagerFactory for persistence unit 'default'
2022-02-15 17:58:10.920  WARN 35005 --- [    Test worker] JpaBaseConfiguration$JpaWebConfiguration : spring.jpa.open-in-view is enabled by default. Therefore, database queries may be performed during view rendering. Explicitly configure spring.jpa.open-in-view to disable this warning
2022-02-15 17:58:12.137  INFO 35005 --- [    Test worker] o.s.b.a.w.s.WelcomePageHandlerMapping    : Adding welcome page: class path resource [static/index.html]
2022-02-15 17:58:12.996  INFO 35005 --- [    Test worker] o.s.b.a.e.web.EndpointLinksResolver      : Exposing 1 endpoint(s) beneath base path '/actuator'
2022-02-15 17:58:13.122  INFO 35005 --- [    Test worker] com.example.yr1st.Yr1stApplicationTests  : Started Yr1stApplicationTests in 6.423 seconds (JVM running for 8.632)
]]></system-out>
  <system-err><![CDATA[]]></system-err>
</testsuite>
